stdio    D         file_stdio.c:110  file_stdio_fopen                 [   0.00000] opening C:\Users\user\I2P2final\bin\Debug\allegro5.cfg r
system   D            wsystem.c:874  _al_win_safe_load_library        [   0.00000] PathFindOnPath found: C:\WINDOWS\system32\shcore.dll
system   D            wsystem.c:780  load_library_at_path             [   0.00000] Calling LoadLibrary C:\WINDOWS\system32\shcore.dll
system   I            wsystem.c:783  load_library_at_path             [   0.00000] Loaded C:\WINDOWS\system32\shcore.dll
system   I             system.c:271  al_install_system                [   0.00000] Allegro version: 5.2.7
system   D            wsystem.c:874  _al_win_safe_load_library        [   0.00105] PathFindOnPath found: C:\WINDOWS\system32\d3d9.dll
system   D            wsystem.c:780  load_library_at_path             [   0.00107] Calling LoadLibrary C:\WINDOWS\system32\d3d9.dll
system   I            wsystem.c:783  load_library_at_path             [   0.00818] Loaded C:\WINDOWS\system32\d3d9.dll
d3d      I         d3d_disp.cpp:684  d3d_init_display                 [   0.03058] Render-to-texture: 1
d3d      I         d3d_disp.cpp:1782 d3d_create_display_locked        [   0.03131] faux_fullscreen=0
d3d      D         d3d_disp.cpp:1783 d3d_create_display_locked        [   0.03133] al_display=0000000000868950
d3d      D         d3d_disp.cpp:1784 d3d_create_display_locked        [   0.03134] al_display->vt=00000000008687e0
d3d      I d3d_display_formats.cpp:144  _al_d3d_generate_display_format_list [   0.03324] found 64 format combinations
display  D   display_settings.c:212  debug_display_settings           [   0.03327] color: 32 (rgba 8880), depth: 0, stencil: 0, acc: 0000, samples: 0/0
display  D   display_settings.c:527  _al_score_display_settings       [   0.03329] Score is : 897
display  D   display_settings.c:212  debug_display_settings           [   0.03332] color: 32 (rgba 8880), depth: 0, stencil: 0, acc: 0000, samples: 0/0
display  D   display_settings.c:527  _al_score_display_settings       [   0.03333] Score is : 897
display  D   display_settings.c:212  debug_display_settings           [   0.03334] color: 32 (rgba 8880), depth: 24, stencil: 8, acc: 0000, samples: 0/0
display  D   display_settings.c:527  _al_score_display_settings       [   0.03335] Score is : 897
display  D   display_settings.c:212  debug_display_settings           [   0.03337] color: 32 (rgba 8880), depth: 24, stencil: 8, acc: 0000, samples: 0/0
display  D   display_settings.c:527  _al_score_display_settings       [   0.03338] Score is : 897
display  D   display_settings.c:212  debug_display_settings           [   0.03339] color: 32 (rgba 8880), depth: 24, stencil: 0, acc: 0000, samples: 0/0
display  D   display_settings.c:527  _al_score_display_settings       [   0.03340] Score is : 897
display  D   display_settings.c:212  debug_display_settings           [   0.03341] color: 32 (rgba 8880), depth: 24, stencil: 0, acc: 0000, samples: 0/0
display  D   display_settings.c:527  _al_score_display_settings       [   0.03343] Score is : 897
display  D   display_settings.c:212  debug_display_settings           [   0.03344] color: 32 (rgba 8880), depth: 16, stencil: 0, acc: 0000, samples: 0/0
display  D   display_settings.c:527  _al_score_display_settings       [   0.03345] Score is : 897
display  D   display_settings.c:212  debug_display_settings           [   0.03347] color: 32 (rgba 8880), depth: 16, stencil: 0, acc: 0000, samples: 0/0
display  D   display_settings.c:527  _al_score_display_settings       [   0.03348] Score is : 897
display  D   display_settings.c:212  debug_display_settings           [   0.03349] color: 16 (rgba 5650), depth: 0, stencil: 0, acc: 0000, samples: 0/0
display  D   display_settings.c:527  _al_score_display_settings       [   0.03350] Score is : 897
display  D   display_settings.c:212  debug_display_settings           [   0.03351] color: 16 (rgba 5650), depth: 0, stencil: 0, acc: 0000, samples: 0/0
display  D   display_settings.c:527  _al_score_display_settings       [   0.03353] Score is : 897
display  D   display_settings.c:212  debug_display_settings           [   0.03357] color: 16 (rgba 5650), depth: 24, stencil: 8, acc: 0000, samples: 0/0
display  D   display_settings.c:527  _al_score_display_settings       [   0.03360] Score is : 897
display  D   display_settings.c:212  debug_display_settings           [   0.03363] color: 16 (rgba 5650), depth: 24, stencil: 8, acc: 0000, samples: 0/0
display  D   display_settings.c:527  _al_score_display_settings       [   0.03364] Score is : 897
display  D   display_settings.c:212  debug_display_settings           [   0.03365] color: 16 (rgba 5650), depth: 24, stencil: 0, acc: 0000, samples: 0/0
display  D   display_settings.c:527  _al_score_display_settings       [   0.03367] Score is : 897
display  D   display_settings.c:212  debug_display_settings           [   0.03368] color: 16 (rgba 5650), depth: 24, stencil: 0, acc: 0000, samples: 0/0
display  D   display_settings.c:527  _al_score_display_settings       [   0.03369] Score is : 897
display  D   display_settings.c:212  debug_display_settings           [   0.03370] color: 16 (rgba 5650), depth: 16, stencil: 0, acc: 0000, samples: 0/0
display  D   display_settings.c:527  _al_score_display_settings       [   0.03371] Score is : 897
display  D   display_settings.c:212  debug_display_settings           [   0.03372] color: 16 (rgba 5650), depth: 16, stencil: 0, acc: 0000, samples: 0/0
display  D   display_settings.c:527  _al_score_display_settings       [   0.03373] Score is : 897
display  D   display_settings.c:212  debug_display_settings           [   0.03374] color: 32 (rgba 8880), depth: 0, stencil: 0, acc: 0000, samples: 0/0
display  D   display_settings.c:398  _al_score_display_settings       [   0.03376] Single Buffer requirement not met.
display  D   display_settings.c:212  debug_display_settings           [   0.03377] color: 32 (rgba 8880), depth: 0, stencil: 0, acc: 0000, samples: 0/0
display  D   display_settings.c:398  _al_score_display_settings       [   0.03378] Single Buffer requirement not met.
display  D   display_settings.c:212  debug_display_settings           [   0.03379] color: 32 (rgba 8880), depth: 24, stencil: 8, acc: 0000, samples: 0/0
display  D   display_settings.c:398  _al_score_display_settings       [   0.03380] Single Buffer requirement not met.
display  D   display_settings.c:212  debug_display_settings           [   0.03381] color: 32 (rgba 8880), depth: 24, stencil: 8, acc: 0000, samples: 0/0
display  D   display_settings.c:398  _al_score_display_settings       [   0.03384] Single Buffer requirement not met.
display  D   display_settings.c:212  debug_display_settings           [   0.03385] color: 32 (rgba 8880), depth: 24, stencil: 0, acc: 0000, samples: 0/0
display  D   display_settings.c:398  _al_score_display_settings       [   0.03387] Single Buffer requirement not met.
display  D   display_settings.c:212  debug_display_settings           [   0.03388] color: 32 (rgba 8880), depth: 24, stencil: 0, acc: 0000, samples: 0/0
display  D   display_settings.c:398  _al_score_display_settings       [   0.03389] Single Buffer requirement not met.
display  D   display_settings.c:212  debug_display_settings           [   0.03390] color: 32 (rgba 8880), depth: 16, stencil: 0, acc: 0000, samples: 0/0
display  D   display_settings.c:398  _al_score_display_settings       [   0.03393] Single Buffer requirement not met.
display  D   display_settings.c:212  debug_display_settings           [   0.03394] color: 32 (rgba 8880), depth: 16, stencil: 0, acc: 0000, samples: 0/0
display  D   display_settings.c:398  _al_score_display_settings       [   0.03395] Single Buffer requirement not met.
display  D   display_settings.c:212  debug_display_settings           [   0.03396] color: 16 (rgba 5650), depth: 0, stencil: 0, acc: 0000, samples: 0/0
display  D   display_settings.c:398  _al_score_display_settings       [   0.03399] Single Buffer requirement not met.
display  D   display_settings.c:212  debug_display_settings           [   0.03400] color: 16 (rgba 5650), depth: 0, stencil: 0, acc: 0000, samples: 0/0
display  D   display_settings.c:398  _al_score_display_settings       [   0.03401] Single Buffer requirement not met.
display  D   display_settings.c:212  debug_display_settings           [   0.03402] color: 16 (rgba 5650), depth: 24, stencil: 8, acc: 0000, samples: 0/0
display  D   display_settings.c:398  _al_score_display_settings       [   0.03404] Single Buffer requirement not met.
display  D   display_settings.c:212  debug_display_settings           [   0.03405] color: 16 (rgba 5650), depth: 24, stencil: 8, acc: 0000, samples: 0/0
display  D   display_settings.c:398  _al_score_display_settings       [   0.03406] Single Buffer requirement not met.
display  D   display_settings.c:212  debug_display_settings           [   0.03407] color: 16 (rgba 5650), depth: 24, stencil: 0, acc: 0000, samples: 0/0
display  D   display_settings.c:398  _al_score_display_settings       [   0.03408] Single Buffer requirement not met.
display  D   display_settings.c:212  debug_display_settings           [   0.03409] color: 16 (rgba 5650), depth: 24, stencil: 0, acc: 0000, samples: 0/0
display  D   display_settings.c:398  _al_score_display_settings       [   0.03411] Single Buffer requirement not met.
display  D   display_settings.c:212  debug_display_settings           [   0.03412] color: 16 (rgba 5650), depth: 16, stencil: 0, acc: 0000, samples: 0/0
display  D   display_settings.c:398  _al_score_display_settings       [   0.03413] Single Buffer requirement not met.
display  D   display_settings.c:212  debug_display_settings           [   0.03414] color: 16 (rgba 5650), depth: 16, stencil: 0, acc: 0000, samples: 0/0
display  D   display_settings.c:398  _al_score_display_settings       [   0.03415] Single Buffer requirement not met.
display  D   display_settings.c:212  debug_display_settings           [   0.03417] color: 32 (rgba 8880), depth: 0, stencil: 0, acc: 0000, samples: 0/0
display  D   display_settings.c:527  _al_score_display_settings       [   0.03418] Score is : 769
display  D   display_settings.c:212  debug_display_settings           [   0.03419] color: 32 (rgba 8880), depth: 0, stencil: 0, acc: 0000, samples: 0/0
display  D   display_settings.c:527  _al_score_display_settings       [   0.03420] Score is : 769
display  D   display_settings.c:212  debug_display_settings           [   0.03421] color: 32 (rgba 8880), depth: 24, stencil: 8, acc: 0000, samples: 0/0
display  D   display_settings.c:527  _al_score_display_settings       [   0.03422] Score is : 769
display  D   display_settings.c:212  debug_display_settings           [   0.03423] color: 32 (rgba 8880), depth: 24, stencil: 8, acc: 0000, samples: 0/0
display  D   display_settings.c:527  _al_score_display_settings       [   0.03425] Score is : 769
display  D   display_settings.c:212  debug_display_settings           [   0.03427] color: 32 (rgba 8880), depth: 24, stencil: 0, acc: 0000, samples: 0/0
display  D   display_settings.c:527  _al_score_display_settings       [   0.03429] Score is : 769
display  D   display_settings.c:212  debug_display_settings           [   0.03430] color: 32 (rgba 8880), depth: 24, stencil: 0, acc: 0000, samples: 0/0
display  D   display_settings.c:527  _al_score_display_settings       [   0.03431] Score is : 769
display  D   display_settings.c:212  debug_display_settings           [   0.03432] color: 32 (rgba 8880), depth: 16, stencil: 0, acc: 0000, samples: 0/0
display  D   display_settings.c:527  _al_score_display_settings       [   0.03433] Score is : 769
display  D   display_settings.c:212  debug_display_settings           [   0.03434] color: 32 (rgba 8880), depth: 16, stencil: 0, acc: 0000, samples: 0/0
display  D   display_settings.c:527  _al_score_display_settings       [   0.03436] Score is : 769
display  D   display_settings.c:212  debug_display_settings           [   0.03437] color: 16 (rgba 5650), depth: 0, stencil: 0, acc: 0000, samples: 0/0
display  D   display_settings.c:527  _al_score_display_settings       [   0.03438] Score is : 769
display  D   display_settings.c:212  debug_display_settings           [   0.03439] color: 16 (rgba 5650), depth: 0, stencil: 0, acc: 0000, samples: 0/0
display  D   display_settings.c:527  _al_score_display_settings       [   0.03441] Score is : 769
display  D   display_settings.c:212  debug_display_settings           [   0.03442] color: 16 (rgba 5650), depth: 24, stencil: 8, acc: 0000, samples: 0/0
display  D   display_settings.c:527  _al_score_display_settings       [   0.03443] Score is : 769
display  D   display_settings.c:212  debug_display_settings           [   0.03444] color: 16 (rgba 5650), depth: 24, stencil: 8, acc: 0000, samples: 0/0
display  D   display_settings.c:527  _al_score_display_settings       [   0.03446] Score is : 769
display  D   display_settings.c:212  debug_display_settings           [   0.03447] color: 16 (rgba 5650), depth: 24, stencil: 0, acc: 0000, samples: 0/0
display  D   display_settings.c:527  _al_score_display_settings       [   0.03448] Score is : 769
display  D   display_settings.c:212  debug_display_settings           [   0.03449] color: 16 (rgba 5650), depth: 24, stencil: 0, acc: 0000, samples: 0/0
display  D   display_settings.c:527  _al_score_display_settings       [   0.03450] Score is : 769
display  D   display_settings.c:212  debug_display_settings           [   0.03451] color: 16 (rgba 5650), depth: 16, stencil: 0, acc: 0000, samples: 0/0
display  D   display_settings.c:527  _al_score_display_settings       [   0.03453] Score is : 769
display  D   display_settings.c:212  debug_display_settings           [   0.03454] color: 16 (rgba 5650), depth: 16, stencil: 0, acc: 0000, samples: 0/0
display  D   display_settings.c:527  _al_score_display_settings       [   0.03455] Score is : 769
display  D   display_settings.c:212  debug_display_settings           [   0.03456] color: 32 (rgba 8880), depth: 0, stencil: 0, acc: 0000, samples: 0/0
display  D   display_settings.c:398  _al_score_display_settings       [   0.03457] Single Buffer requirement not met.
display  D   display_settings.c:212  debug_display_settings           [   0.03459] color: 32 (rgba 8880), depth: 0, stencil: 0, acc: 0000, samples: 0/0
display  D   display_settings.c:398  _al_score_display_settings       [   0.03460] Single Buffer requirement not met.
display  D   display_settings.c:212  debug_display_settings           [   0.03461] color: 32 (rgba 8880), depth: 24, stencil: 8, acc: 0000, samples: 0/0
display  D   display_settings.c:398  _al_score_display_settings       [   0.03462] Single Buffer requirement not met.
display  D   display_settings.c:212  debug_display_settings           [   0.03463] color: 32 (rgba 8880), depth: 24, stencil: 8, acc: 0000, samples: 0/0
display  D   display_settings.c:398  _al_score_display_settings       [   0.03465] Single Buffer requirement not met.
display  D   display_settings.c:212  debug_display_settings           [   0.03466] color: 32 (rgba 8880), depth: 24, stencil: 0, acc: 0000, samples: 0/0
display  D   display_settings.c:398  _al_score_display_settings       [   0.03467] Single Buffer requirement not met.
display  D   display_settings.c:212  debug_display_settings           [   0.03468] color: 32 (rgba 8880), depth: 24, stencil: 0, acc: 0000, samples: 0/0
display  D   display_settings.c:398  _al_score_display_settings       [   0.03469] Single Buffer requirement not met.
display  D   display_settings.c:212  debug_display_settings           [   0.03470] color: 32 (rgba 8880), depth: 16, stencil: 0, acc: 0000, samples: 0/0
display  D   display_settings.c:398  _al_score_display_settings       [   0.03472] Single Buffer requirement not met.
display  D   display_settings.c:212  debug_display_settings           [   0.03473] color: 32 (rgba 8880), depth: 16, stencil: 0, acc: 0000, samples: 0/0
display  D   display_settings.c:398  _al_score_display_settings       [   0.03474] Single Buffer requirement not met.
display  D   display_settings.c:212  debug_display_settings           [   0.03475] color: 16 (rgba 5650), depth: 0, stencil: 0, acc: 0000, samples: 0/0
display  D   display_settings.c:398  _al_score_display_settings       [   0.03477] Single Buffer requirement not met.
display  D   display_settings.c:212  debug_display_settings           [   0.03480] color: 16 (rgba 5650), depth: 0, stencil: 0, acc: 0000, samples: 0/0
display  D   display_settings.c:398  _al_score_display_settings       [   0.03482] Single Buffer requirement not met.
display  D   display_settings.c:212  debug_display_settings           [   0.03483] color: 16 (rgba 5650), depth: 24, stencil: 8, acc: 0000, samples: 0/0
display  D   display_settings.c:398  _al_score_display_settings       [   0.03484] Single Buffer requirement not met.
display  D   display_settings.c:212  debug_display_settings           [   0.03487] color: 16 (rgba 5650), depth: 24, stencil: 8, acc: 0000, samples: 0/0
display  D   display_settings.c:398  _al_score_display_settings       [   0.03488] Single Buffer requirement not met.
display  D   display_settings.c:212  debug_display_settings           [   0.03489] color: 16 (rgba 5650), depth: 24, stencil: 0, acc: 0000, samples: 0/0
display  D   display_settings.c:398  _al_score_display_settings       [   0.03494] Single Buffer requirement not met.
display  D   display_settings.c:212  debug_display_settings           [   0.03495] color: 16 (rgba 5650), depth: 24, stencil: 0, acc: 0000, samples: 0/0
display  D   display_settings.c:398  _al_score_display_settings       [   0.03496] Single Buffer requirement not met.
display  D   display_settings.c:212  debug_display_settings           [   0.03498] color: 16 (rgba 5650), depth: 16, stencil: 0, acc: 0000, samples: 0/0
display  D   display_settings.c:398  _al_score_display_settings       [   0.03499] Single Buffer requirement not met.
display  D   display_settings.c:212  debug_display_settings           [   0.03500] color: 16 (rgba 5650), depth: 16, stencil: 0, acc: 0000, samples: 0/0
display  D   display_settings.c:398  _al_score_display_settings       [   0.03501] Single Buffer requirement not met.
d3d      D         d3d_disp.cpp:1682 d3d_create_display_internals     [   0.03503] Trying format 0.
d3d      I         d3d_disp.cpp:1358 d3d_display_thread_proc          [   0.03535] Chose a display format: 23
d3d      I         d3d_disp.cpp:1427 d3d_display_thread_proc          [   0.03539] Normal window.
d3d      I         d3d_disp.cpp:791  d3d_create_device                [   0.06643] Using no depth stencil buffer
d3d      D         d3d_disp.cpp:853  d3d_create_device                [   0.08626] BeginScene succeeded in create_device
d3d      D         d3d_disp.cpp:861  d3d_create_device                [   0.08631] Success
d3d      D         d3d_disp.cpp:1705 d3d_create_display_internals     [   0.08635] Resumed after wait.
d3d      I         d3d_disp.cpp:1738 d3d_create_display_internals     [   0.08642] Format 0 succeeded.
d3d      D         d3d_disp.cpp:1769 d3d_create_display_internals     [   0.08645] Returning d3d_display: 0000000000868950
d3d      D         d3d_disp.cpp:1794 d3d_create_display_locked        [   0.08647] al_display=0000000000868950
d3d      D         d3d_disp.cpp:1795 d3d_create_display_locked        [   0.08649] al_display->vt=00000000008687e0
system   D            wsystem.c:874  _al_win_safe_load_library        [   0.08679] PathFindOnPath found: C:\WINDOWS\system32\d3dx9_43.dll
system   D            wsystem.c:780  load_library_at_path             [   0.08681] Calling LoadLibrary C:\WINDOWS\system32\d3dx9_43.dll
system   I            wsystem.c:783  load_library_at_path             [   0.08831] Loaded C:\WINDOWS\system32\d3dx9_43.dll
d3dx9    I        d3d_d3dx9.cpp:88   _imp_load_d3dx9_module_version   [   0.08839] Module "d3dx9_43.dll" loaded.
dtor     D               dtor.c:196  _al_register_destructor          [   0.08846] added dtor for queue 00000000027716e0, func 00007ffa0bc4c5dc
dtor     D               dtor.c:196  _al_register_destructor          [   0.08848] added dtor for timer 0000000002771800, func 00007ffa0bc5fb3b
dtor     D               dtor.c:196  _al_register_destructor          [   0.08849] added dtor for timer 00000000027718b0, func 00007ffa0bc5fb3b
audio-dsound I           dsound.cpp:271  _dsound_open                     [   0.08862] Starting DirectSound...
audio-dsound D           dsound.cpp:280  _dsound_open                     [   0.11868] DirectSoundCreate8 succeeded
audio-dsound I           dsound.cpp:73   get_window                       [   0.11872] Using desktop window: 0000000000010010
audio    I              audio.c:347  do_install_audio                 [   0.11883] Using DirectSound driver
stdio    D         file_stdio.c:110  file_stdio_fopen                 [   0.11885] opening Caviar_Dreams_Bold.ttf rb
font     D                ttf.c:943  al_load_ttf_font_stretch_f       [   0.11938] Font Caviar_Dreams_Bold.ttf loaded with pixel size 0 x 12.
font     D                ttf.c:945  al_load_ttf_font_stretch_f       [   0.11941]     ascent=12.0, descent=-4.0, height=15.0
dtor     D               dtor.c:196  _al_register_destructor          [   0.11943] added dtor for ttf_font 0000000002770d00, func 00007ffa0bd44c05
stdio    D         file_stdio.c:110  file_stdio_fopen                 [   0.11945] opening Caviar_Dreams_Bold.ttf rb
font     D                ttf.c:943  al_load_ttf_font_stretch_f       [   0.12027] Font Caviar_Dreams_Bold.ttf loaded with pixel size 0 x 24.
font     D                ttf.c:945  al_load_ttf_font_stretch_f       [   0.12037]     ascent=24.0, descent=-7.0, height=30.0
dtor     D               dtor.c:196  _al_register_destructor          [   0.12040] added dtor for ttf_font 0000000002770e50, func 00007ffa0bd44c05
stdio    D         file_stdio.c:110  file_stdio_fopen                 [   0.12042] opening Caviar_Dreams_Bold.ttf rb
font     D                ttf.c:943  al_load_ttf_font_stretch_f       [   0.12137] Font Caviar_Dreams_Bold.ttf loaded with pixel size 0 x 36.
font     D                ttf.c:945  al_load_ttf_font_stretch_f       [   0.12144]     ascent=36.0, descent=-11.0, height=46.0
dtor     D               dtor.c:196  _al_register_destructor          [   0.12146] added dtor for ttf_font 0000000002770d30, func 00007ffa0bd44c05
stdio    D         file_stdio.c:110  file_stdio_fopen                 [   0.12149] opening ./icon.png rb
stdio    D         file_stdio.c:110  file_stdio_fopen                 [   0.12244] opening ./icon.png rb
d3d      D         d3d_disp.cpp:1202 real_choose_bitmap_format        [   0.12282] Fake format
d3d      D         d3d_disp.cpp:1202 real_choose_bitmap_format        [   0.12285] Fake format
d3d      D         d3d_disp.cpp:1202 real_choose_bitmap_format        [   0.12287] Fake format
d3d      D         d3d_disp.cpp:1202 real_choose_bitmap_format        [   0.12288] Fake format
d3d      D         d3d_disp.cpp:1202 real_choose_bitmap_format        [   0.12289] Fake format
d3d      D         d3d_disp.cpp:1202 real_choose_bitmap_format        [   0.12290] Fake format
d3d      D         d3d_disp.cpp:1202 real_choose_bitmap_format        [   0.12292] Fake format
d3d      D         d3d_disp.cpp:1202 real_choose_bitmap_format        [   0.12293] Fake format
d3d      D         d3d_disp.cpp:1202 real_choose_bitmap_format        [   0.12294] Fake format
d3d      D         d3d_disp.cpp:1210 real_choose_bitmap_format        [   0.12295] Alpha doesn't match
d3d      D         d3d_disp.cpp:1217 real_choose_bitmap_format        [   0.12296] Adapter format is 23
d3d      D         d3d_disp.cpp:1220 real_choose_bitmap_format        [   0.12298] Found a format
d3d      I         d3d_disp.cpp:2391 d3d_create_bitmap                [   0.12299] Chose bitmap format 9
dtor     D               dtor.c:196  _al_register_destructor          [   0.12327] added dtor for bitmap 00000000027855f0, func 00007ffa0bc21bea
stdio    D         file_stdio.c:110  file_stdio_fopen                 [   0.13047] opening ./StartBackground.jpg rb
stdio    D         file_stdio.c:110  file_stdio_fopen                 [   0.13122] opening ./StartBackground.jpg rb
d3d      D         d3d_disp.cpp:1202 real_choose_bitmap_format        [   0.13183] Fake format
d3d      D         d3d_disp.cpp:1202 real_choose_bitmap_format        [   0.13188] Fake format
d3d      D         d3d_disp.cpp:1202 real_choose_bitmap_format        [   0.13190] Fake format
d3d      D         d3d_disp.cpp:1202 real_choose_bitmap_format        [   0.13196] Fake format
d3d      D         d3d_disp.cpp:1202 real_choose_bitmap_format        [   0.13198] Fake format
d3d      D         d3d_disp.cpp:1202 real_choose_bitmap_format        [   0.13199] Fake format
d3d      D         d3d_disp.cpp:1202 real_choose_bitmap_format        [   0.13200] Fake format
d3d      D         d3d_disp.cpp:1202 real_choose_bitmap_format        [   0.13205] Fake format
d3d      D         d3d_disp.cpp:1202 real_choose_bitmap_format        [   0.13206] Fake format
d3d      D         d3d_disp.cpp:1210 real_choose_bitmap_format        [   0.13207] Alpha doesn't match
d3d      D         d3d_disp.cpp:1217 real_choose_bitmap_format        [   0.13209] Adapter format is 23
d3d      D         d3d_disp.cpp:1220 real_choose_bitmap_format        [   0.13210] Found a format
d3d      I         d3d_disp.cpp:2391 d3d_create_bitmap                [   0.13213] Chose bitmap format 9
dtor     D               dtor.c:196  _al_register_destructor          [   0.13238] added dtor for bitmap 0000000002785410, func 00007ffa0bc21bea
stdio    D         file_stdio.c:110  file_stdio_fopen                 [   0.15813] opening ./StartScene.jpg rb
stdio    D         file_stdio.c:110  file_stdio_fopen                 [   0.15869] opening ./StartScene.jpg rb
d3d      D         d3d_disp.cpp:1202 real_choose_bitmap_format        [   0.15908] Fake format
d3d      D         d3d_disp.cpp:1202 real_choose_bitmap_format        [   0.15911] Fake format
d3d      D         d3d_disp.cpp:1202 real_choose_bitmap_format        [   0.15912] Fake format
d3d      D         d3d_disp.cpp:1202 real_choose_bitmap_format        [   0.15913] Fake format
d3d      D         d3d_disp.cpp:1202 real_choose_bitmap_format        [   0.15914] Fake format
d3d      D         d3d_disp.cpp:1202 real_choose_bitmap_format        [   0.15915] Fake format
d3d      D         d3d_disp.cpp:1202 real_choose_bitmap_format        [   0.15916] Fake format
d3d      D         d3d_disp.cpp:1202 real_choose_bitmap_format        [   0.15917] Fake format
d3d      D         d3d_disp.cpp:1202 real_choose_bitmap_format        [   0.15918] Fake format
d3d      D         d3d_disp.cpp:1210 real_choose_bitmap_format        [   0.15919] Alpha doesn't match
d3d      D         d3d_disp.cpp:1217 real_choose_bitmap_format        [   0.15920] Adapter format is 23
d3d      D         d3d_disp.cpp:1220 real_choose_bitmap_format        [   0.15921] Found a format
d3d      I         d3d_disp.cpp:2391 d3d_create_bitmap                [   0.15922] Chose bitmap format 9
dtor     D               dtor.c:196  _al_register_destructor          [   0.15935] added dtor for bitmap 0000000002784410, func 00007ffa0bc21bea
stdio    D         file_stdio.c:110  file_stdio_fopen                 [   0.17313] opening ./HelpScene.jpg rb
stdio    D         file_stdio.c:110  file_stdio_fopen                 [   0.17428] opening ./HelpScene.jpg rb
d3d      D         d3d_disp.cpp:1202 real_choose_bitmap_format        [   0.17511] Fake format
d3d      D         d3d_disp.cpp:1202 real_choose_bitmap_format        [   0.17515] Fake format
d3d      D         d3d_disp.cpp:1202 real_choose_bitmap_format        [   0.17516] Fake format
d3d      D         d3d_disp.cpp:1202 real_choose_bitmap_format        [   0.17517] Fake format
d3d      D         d3d_disp.cpp:1202 real_choose_bitmap_format        [   0.17518] Fake format
d3d      D         d3d_disp.cpp:1202 real_choose_bitmap_format        [   0.17519] Fake format
d3d      D         d3d_disp.cpp:1202 real_choose_bitmap_format        [   0.17520] Fake format
d3d      D         d3d_disp.cpp:1202 real_choose_bitmap_format        [   0.17521] Fake format
d3d      D         d3d_disp.cpp:1202 real_choose_bitmap_format        [   0.17522] Fake format
d3d      D         d3d_disp.cpp:1210 real_choose_bitmap_format        [   0.17523] Alpha doesn't match
d3d      D         d3d_disp.cpp:1217 real_choose_bitmap_format        [   0.17524] Adapter format is 23
d3d      D         d3d_disp.cpp:1220 real_choose_bitmap_format        [   0.17526] Found a format
d3d      I         d3d_disp.cpp:2391 d3d_create_bitmap                [   0.17527] Chose bitmap format 9
dtor     D               dtor.c:196  _al_register_destructor          [   0.17544] added dtor for bitmap 00000000027841f0, func 00007ffa0bc21bea
stdio    D         file_stdio.c:110  file_stdio_fopen                 [   0.19643] opening ./Tower/Arcane.png rb
stdio    D         file_stdio.c:110  file_stdio_fopen                 [   0.19694] opening ./Tower/Arcane.png rb
d3d      D         d3d_disp.cpp:1202 real_choose_bitmap_format        [   0.19720] Fake format
d3d      D         d3d_disp.cpp:1202 real_choose_bitmap_format        [   0.19722] Fake format
d3d      D         d3d_disp.cpp:1202 real_choose_bitmap_format        [   0.19723] Fake format
d3d      D         d3d_disp.cpp:1202 real_choose_bitmap_format        [   0.19724] Fake format
d3d      D         d3d_disp.cpp:1202 real_choose_bitmap_format        [   0.19725] Fake format
d3d      D         d3d_disp.cpp:1202 real_choose_bitmap_format        [   0.19726] Fake format
d3d      D         d3d_disp.cpp:1202 real_choose_bitmap_format        [   0.19727] Fake format
d3d      D         d3d_disp.cpp:1202 real_choose_bitmap_format        [   0.19728] Fake format
d3d      D         d3d_disp.cpp:1202 real_choose_bitmap_format        [   0.19729] Fake format
d3d      D         d3d_disp.cpp:1210 real_choose_bitmap_format        [   0.19730] Alpha doesn't match
d3d      D         d3d_disp.cpp:1217 real_choose_bitmap_format        [   0.19731] Adapter format is 23
d3d      D         d3d_disp.cpp:1220 real_choose_bitmap_format        [   0.19732] Found a format
d3d      I         d3d_disp.cpp:2391 d3d_create_bitmap                [   0.19734] Chose bitmap format 9
dtor     D               dtor.c:196  _al_register_destructor          [   0.19749] added dtor for bitmap 0000000002782c80, func 00007ffa0bc21bea
stdio    D         file_stdio.c:110  file_stdio_fopen                 [   0.19862] opening ./Tower/Archer.png rb
stdio    D         file_stdio.c:110  file_stdio_fopen                 [   0.19913] opening ./Tower/Archer.png rb
d3d      D         d3d_disp.cpp:1202 real_choose_bitmap_format        [   0.19939] Fake format
d3d      D         d3d_disp.cpp:1202 real_choose_bitmap_format        [   0.19940] Fake format
d3d      D         d3d_disp.cpp:1202 real_choose_bitmap_format        [   0.19942] Fake format
d3d      D         d3d_disp.cpp:1202 real_choose_bitmap_format        [   0.19943] Fake format
d3d      D         d3d_disp.cpp:1202 real_choose_bitmap_format        [   0.19944] Fake format
d3d      D         d3d_disp.cpp:1202 real_choose_bitmap_format        [   0.19945] Fake format
d3d      D         d3d_disp.cpp:1202 real_choose_bitmap_format        [   0.19946] Fake format
d3d      D         d3d_disp.cpp:1202 real_choose_bitmap_format        [   0.19947] Fake format
d3d      D         d3d_disp.cpp:1202 real_choose_bitmap_format        [   0.19948] Fake format
d3d      D         d3d_disp.cpp:1210 real_choose_bitmap_format        [   0.19949] Alpha doesn't match
d3d      D         d3d_disp.cpp:1217 real_choose_bitmap_format        [   0.19950] Adapter format is 23
d3d      D         d3d_disp.cpp:1220 real_choose_bitmap_format        [   0.19951] Found a format
d3d      I         d3d_disp.cpp:2391 d3d_create_bitmap                [   0.19952] Chose bitmap format 9
dtor     D               dtor.c:196  _al_register_destructor          [   0.19962] added dtor for bitmap 0000000002783640, func 00007ffa0bc21bea
stdio    D         file_stdio.c:110  file_stdio_fopen                 [   0.20032] opening ./Tower/Canon.png rb
stdio    D         file_stdio.c:110  file_stdio_fopen                 [   0.20052] opening ./Tower/Canon.png rb
d3d      D         d3d_disp.cpp:1202 real_choose_bitmap_format        [   0.20075] Fake format
d3d      D         d3d_disp.cpp:1202 real_choose_bitmap_format        [   0.20080] Fake format
d3d      D         d3d_disp.cpp:1202 real_choose_bitmap_format        [   0.20081] Fake format
d3d      D         d3d_disp.cpp:1202 real_choose_bitmap_format        [   0.20082] Fake format
d3d      D         d3d_disp.cpp:1202 real_choose_bitmap_format        [   0.20083] Fake format
d3d      D         d3d_disp.cpp:1202 real_choose_bitmap_format        [   0.20084] Fake format
d3d      D         d3d_disp.cpp:1202 real_choose_bitmap_format        [   0.20085] Fake format
d3d      D         d3d_disp.cpp:1202 real_choose_bitmap_format        [   0.20086] Fake format
d3d      D         d3d_disp.cpp:1202 real_choose_bitmap_format        [   0.20087] Fake format
d3d      D         d3d_disp.cpp:1210 real_choose_bitmap_format        [   0.20088] Alpha doesn't match
d3d      D         d3d_disp.cpp:1217 real_choose_bitmap_format        [   0.20089] Adapter format is 23
d3d      D         d3d_disp.cpp:1220 real_choose_bitmap_format        [   0.20090] Found a format
d3d      I         d3d_disp.cpp:2391 d3d_create_bitmap                [   0.20091] Chose bitmap format 9
dtor     D               dtor.c:196  _al_register_destructor          [   0.20099] added dtor for bitmap 00000000027837f0, func 00007ffa0bc21bea
stdio    D         file_stdio.c:110  file_stdio_fopen                 [   0.20153] opening ./Tower/Poison.png rb
stdio    D         file_stdio.c:110  file_stdio_fopen                 [   0.20191] opening ./Tower/Poison.png rb
d3d      D         d3d_disp.cpp:1202 real_choose_bitmap_format        [   0.20220] Fake format
d3d      D         d3d_disp.cpp:1202 real_choose_bitmap_format        [   0.20222] Fake format
d3d      D         d3d_disp.cpp:1202 real_choose_bitmap_format        [   0.20223] Fake format
d3d      D         d3d_disp.cpp:1202 real_choose_bitmap_format        [   0.20224] Fake format
d3d      D         d3d_disp.cpp:1202 real_choose_bitmap_format        [   0.20225] Fake format
d3d      D         d3d_disp.cpp:1202 real_choose_bitmap_format        [   0.20226] Fake format
d3d      D         d3d_disp.cpp:1202 real_choose_bitmap_format        [   0.20227] Fake format
d3d      D         d3d_disp.cpp:1202 real_choose_bitmap_format        [   0.20228] Fake format
d3d      D         d3d_disp.cpp:1202 real_choose_bitmap_format        [   0.20229] Fake format
d3d      D         d3d_disp.cpp:1210 real_choose_bitmap_format        [   0.20230] Alpha doesn't match
d3d      D         d3d_disp.cpp:1217 real_choose_bitmap_format        [   0.20231] Adapter format is 23
d3d      D         d3d_disp.cpp:1220 real_choose_bitmap_format        [   0.20232] Found a format
d3d      I         d3d_disp.cpp:2391 d3d_create_bitmap                [   0.20233] Chose bitmap format 9
dtor     D               dtor.c:196  _al_register_destructor          [   0.20242] added dtor for bitmap 00000000027839a0, func 00007ffa0bc21bea
stdio    D         file_stdio.c:110  file_stdio_fopen                 [   0.20328] opening ./Tower/Storm.png rb
stdio    D         file_stdio.c:110  file_stdio_fopen                 [   0.20438] opening ./Tower/Storm.png rb
d3d      D         d3d_disp.cpp:1202 real_choose_bitmap_format        [   0.20499] Fake format
d3d      D         d3d_disp.cpp:1202 real_choose_bitmap_format        [   0.20504] Fake format
d3d      D         d3d_disp.cpp:1202 real_choose_bitmap_format        [   0.20505] Fake format
d3d      D         d3d_disp.cpp:1202 real_choose_bitmap_format        [   0.20507] Fake format
d3d      D         d3d_disp.cpp:1202 real_choose_bitmap_format        [   0.20508] Fake format
d3d      D         d3d_disp.cpp:1202 real_choose_bitmap_format        [   0.20509] Fake format
d3d      D         d3d_disp.cpp:1202 real_choose_bitmap_format        [   0.20511] Fake format
d3d      D         d3d_disp.cpp:1202 real_choose_bitmap_format        [   0.20512] Fake format
d3d      D         d3d_disp.cpp:1202 real_choose_bitmap_format        [   0.20513] Fake format
d3d      D         d3d_disp.cpp:1210 real_choose_bitmap_format        [   0.20516] Alpha doesn't match
d3d      D         d3d_disp.cpp:1217 real_choose_bitmap_format        [   0.20518] Adapter format is 23
d3d      D         d3d_disp.cpp:1220 real_choose_bitmap_format        [   0.20520] Found a format
d3d      I         d3d_disp.cpp:2391 d3d_create_bitmap                [   0.20521] Chose bitmap format 9
dtor     D               dtor.c:196  _al_register_destructor          [   0.20552] added dtor for bitmap 00000000027829c0, func 00007ffa0bc21bea
d3d      D         d3d_disp.cpp:1202 real_choose_bitmap_format        [   0.20675] Fake format
d3d      D         d3d_disp.cpp:1202 real_choose_bitmap_format        [   0.20688] Fake format
d3d      D         d3d_disp.cpp:1202 real_choose_bitmap_format        [   0.20690] Fake format
d3d      D         d3d_disp.cpp:1202 real_choose_bitmap_format        [   0.20691] Fake format
d3d      D         d3d_disp.cpp:1202 real_choose_bitmap_format        [   0.20693] Fake format
d3d      D         d3d_disp.cpp:1202 real_choose_bitmap_format        [   0.20696] Fake format
d3d      D         d3d_disp.cpp:1202 real_choose_bitmap_format        [   0.20698] Fake format
d3d      D         d3d_disp.cpp:1202 real_choose_bitmap_format        [   0.20700] Fake format
d3d      D         d3d_disp.cpp:1202 real_choose_bitmap_format        [   0.20701] Fake format
d3d      D         d3d_disp.cpp:1210 real_choose_bitmap_format        [   0.20703] Alpha doesn't match
d3d      D         d3d_disp.cpp:1217 real_choose_bitmap_format        [   0.20705] Adapter format is 23
d3d      D         d3d_disp.cpp:1220 real_choose_bitmap_format        [   0.20707] Found a format
d3d      I         d3d_disp.cpp:2391 d3d_create_bitmap                [   0.20709] Chose bitmap format 9
dtor     D               dtor.c:196  _al_register_destructor          [   0.20739] added dtor for bitmap 0000000002784dd0, func 00007ffa0bc21bea
d3d      D          d3d_bmp.cpp:539  _al_d3d_sync_bitmap              [   0.21310] _al_d3d_sync_bitmap (system) ref count == 1
d3d      D          d3d_bmp.cpp:545  _al_d3d_sync_bitmap              [   0.21316] _al_d3d_sync_bitmap (video) ref count == 1
dtor     D               dtor.c:227  _al_unregister_destructor        [   0.21840] removed dtor for bitmap 0000000002784dd0
d3d      D         d3d_disp.cpp:1202 real_choose_bitmap_format        [   0.21876] Fake format
d3d      D         d3d_disp.cpp:1202 real_choose_bitmap_format        [   0.21880] Fake format
d3d      D         d3d_disp.cpp:1202 real_choose_bitmap_format        [   0.21882] Fake format
d3d      D         d3d_disp.cpp:1202 real_choose_bitmap_format        [   0.21884] Fake format
d3d      D         d3d_disp.cpp:1202 real_choose_bitmap_format        [   0.21886] Fake format
d3d      D         d3d_disp.cpp:1202 real_choose_bitmap_format        [   0.21888] Fake format
d3d      D         d3d_disp.cpp:1202 real_choose_bitmap_format        [   0.21890] Fake format
d3d      D         d3d_disp.cpp:1202 real_choose_bitmap_format        [   0.21891] Fake format
d3d      D         d3d_disp.cpp:1202 real_choose_bitmap_format        [   0.21893] Fake format
d3d      D         d3d_disp.cpp:1210 real_choose_bitmap_format        [   0.21897] Alpha doesn't match
d3d      D         d3d_disp.cpp:1217 real_choose_bitmap_format        [   0.21901] Adapter format is 23
d3d      D         d3d_disp.cpp:1220 real_choose_bitmap_format        [   0.21903] Found a format
d3d      I         d3d_disp.cpp:2391 d3d_create_bitmap                [   0.21905] Chose bitmap format 9
dtor     D               dtor.c:196  _al_register_destructor          [   0.21928] added dtor for bitmap 0000000002784dd0, func 00007ffa0bc21bea
d3d      D          d3d_bmp.cpp:539  _al_d3d_sync_bitmap              [   0.22458] _al_d3d_sync_bitmap (system) ref count == 1
d3d      D          d3d_bmp.cpp:545  _al_d3d_sync_bitmap              [   0.22481] _al_d3d_sync_bitmap (video) ref count == 1
dtor     D               dtor.c:227  _al_unregister_destructor        [   0.22827] removed dtor for bitmap 0000000002784dd0
audio-dsound D           dsound.cpp:311  _dsound_allocate_voice           [   0.22876] Allocating voice
audio-dsound D           dsound.cpp:370  _dsound_allocate_voice           [   0.22879] Allocated voice
dtor     D               dtor.c:196  _al_register_destructor          [   0.22881] added dtor for voice 000000000276d420, func 00007ffa0bd55024
dtor     D               dtor.c:196  _al_register_destructor          [   0.22882] added dtor for mixer 0000000002784dd0, func 00007ffa0bd504dc
audio-dsound D           dsound.cpp:466  _dsound_start_voice              [   0.22884] Starting voice
audio-dsound D           dsound.cpp:494  _dsound_start_voice              [   0.22887] CreateSoundBuffer
audio-dsound D           dsound.cpp:502  _dsound_start_voice              [   0.23010] CreateSoundBuffer succeeded
audio-dsound D           dsound.cpp:508  _dsound_start_voice              [   0.23012] Starting _dsound_update thread
audio-dsound I           dsound.cpp:518  _dsound_start_voice              [   0.23021] Voice started
dtor     D               dtor.c:196  _al_register_destructor          [   0.23025] added dtor for sample_instance 0000000002785020, func 00007ffa0bd4929b
audio    D          kcm_mixer.c:121  _al_rechannel_matrix             [   0.23027] sample matrix:
audio    D          kcm_mixer.c:127  _al_rechannel_matrix             [   0.23028] 
audio    D          kcm_mixer.c:127  _al_rechannel_matrix             [   0.23029] 
dtor     D               dtor.c:196  _al_register_destructor          [   0.23030] added dtor for sample_instance 0000000002785140, func 00007ffa0bd4929b
audio    D          kcm_mixer.c:121  _al_rechannel_matrix             [   0.23035] sample matrix:
audio    D          kcm_mixer.c:127  _al_rechannel_matrix             [   0.23036] 
audio    D          kcm_mixer.c:127  _al_rechannel_matrix             [   0.23037] 
dtor     D               dtor.c:196  _al_register_destructor          [   0.23038] added dtor for sample_instance 00000000027820e0, func 00007ffa0bd4929b
audio    D          kcm_mixer.c:121  _al_rechannel_matrix             [   0.23040] sample matrix:
audio    D          kcm_mixer.c:127  _al_rechannel_matrix             [   0.23041] 
audio    D          kcm_mixer.c:127  _al_rechannel_matrix             [   0.23042] 
stdio    D         file_stdio.c:110  file_stdio_fopen                 [   0.23043] opening growl.wav rb
wav      I                wav.c:124  wav_open                         [   0.23081] Ignoring chunk: LIST
wav      E                wav.c:121  wav_open                         [   0.23086] Bad RIFF type.
dtor     D               dtor.c:196  _al_register_destructor          [   0.23088] added dtor for sample 0000000002783360, func 00007ffa0bd51a1d
dtor     D               dtor.c:196  _al_register_destructor          [   0.23108] added dtor for sample_instance 0000000002783b50, func 00007ffa0bd4929b
audio    D          kcm_mixer.c:121  _al_rechannel_matrix             [   0.23110] sample matrix:
audio    D          kcm_mixer.c:127  _al_rechannel_matrix             [   0.23112]  0.707107 0.000000
audio    D          kcm_mixer.c:127  _al_rechannel_matrix             [   0.23115]  0.000000 0.707107
acodec   I                ogg.c:204  _al_load_ogg_vorbis              [   0.23117] Loading sample BackgroundMusic.ogg.
stdio    D         file_stdio.c:110  file_stdio_fopen                 [   0.23118] opening BackgroundMusic.ogg rb
acodec   D                ogg.c:263  _al_load_ogg_vorbis_f            [   0.23200] channels 2
acodec   D                ogg.c:264  _al_load_ogg_vorbis_f            [   0.23202] word_size 2
acodec   D                ogg.c:265  _al_load_ogg_vorbis_f            [   0.23203] rate 44100
acodec   D                ogg.c:266  _al_load_ogg_vorbis_f            [   0.23204] total_samples 7875072
acodec   D                ogg.c:267  _al_load_ogg_vorbis_f            [   0.23206] total_size 31500288
dtor     D               dtor.c:196  _al_register_destructor          [   0.62868] added dtor for sample 0000000002783270, func 00007ffa0bd51a1d
dtor     D               dtor.c:196  _al_register_destructor          [   0.62875] added dtor for sample_instance 0000000002783c70, func 00007ffa0bd4929b
audio    D          kcm_mixer.c:121  _al_rechannel_matrix             [   0.62877] sample matrix:
audio    D          kcm_mixer.c:127  _al_rechannel_matrix             [   0.62879]  0.707107 0.000000
audio    D          kcm_mixer.c:127  _al_rechannel_matrix             [   0.62880]  0.000000 0.707107
stdio    D         file_stdio.c:110  file_stdio_fopen                 [   0.62932] opening ./Tower/Arcane_Menu.png rb
stdio    D         file_stdio.c:110  file_stdio_fopen                 [   0.62969] opening ./Tower/Arcane_Menu.png rb
d3d      D         d3d_disp.cpp:1202 real_choose_bitmap_format        [   0.62997] Fake format
d3d      D         d3d_disp.cpp:1202 real_choose_bitmap_format        [   0.62999] Fake format
d3d      D         d3d_disp.cpp:1202 real_choose_bitmap_format        [   0.63001] Fake format
d3d      D         d3d_disp.cpp:1202 real_choose_bitmap_format        [   0.63002] Fake format
d3d      D         d3d_disp.cpp:1202 real_choose_bitmap_format        [   0.63003] Fake format
d3d      D         d3d_disp.cpp:1202 real_choose_bitmap_format        [   0.63003] Fake format
d3d      D         d3d_disp.cpp:1202 real_choose_bitmap_format        [   0.63004] Fake format
d3d      D         d3d_disp.cpp:1202 real_choose_bitmap_format        [   0.63005] Fake format
d3d      D         d3d_disp.cpp:1202 real_choose_bitmap_format        [   0.63007] Fake format
d3d      D         d3d_disp.cpp:1210 real_choose_bitmap_format        [   0.63010] Alpha doesn't match
d3d      D         d3d_disp.cpp:1217 real_choose_bitmap_format        [   0.63011] Adapter format is 23
d3d      D         d3d_disp.cpp:1220 real_choose_bitmap_format        [   0.63013] Found a format
d3d      I         d3d_disp.cpp:2391 d3d_create_bitmap                [   0.63018] Chose bitmap format 9
dtor     D               dtor.c:196  _al_register_destructor          [   0.63035] added dtor for bitmap 0000000002836740, func 00007ffa0bc21bea
stdio    D         file_stdio.c:110  file_stdio_fopen                 [   0.63064] opening ./Tower/Archer_Menu.png rb
stdio    D         file_stdio.c:110  file_stdio_fopen                 [   0.63089] opening ./Tower/Archer_Menu.png rb
d3d      D         d3d_disp.cpp:1202 real_choose_bitmap_format        [   0.63117] Fake format
d3d      D         d3d_disp.cpp:1202 real_choose_bitmap_format        [   0.63119] Fake format
d3d      D         d3d_disp.cpp:1202 real_choose_bitmap_format        [   0.63120] Fake format
d3d      D         d3d_disp.cpp:1202 real_choose_bitmap_format        [   0.63121] Fake format
d3d      D         d3d_disp.cpp:1202 real_choose_bitmap_format        [   0.63122] Fake format
d3d      D         d3d_disp.cpp:1202 real_choose_bitmap_format        [   0.63123] Fake format
d3d      D         d3d_disp.cpp:1202 real_choose_bitmap_format        [   0.63124] Fake format
d3d      D         d3d_disp.cpp:1202 real_choose_bitmap_format        [   0.63127] Fake format
d3d      D         d3d_disp.cpp:1202 real_choose_bitmap_format        [   0.63128] Fake format
d3d      D         d3d_disp.cpp:1210 real_choose_bitmap_format        [   0.63129] Alpha doesn't match
d3d      D         d3d_disp.cpp:1217 real_choose_bitmap_format        [   0.63131] Adapter format is 23
d3d      D         d3d_disp.cpp:1220 real_choose_bitmap_format        [   0.63133] Found a format
d3d      I         d3d_disp.cpp:2391 d3d_create_bitmap                [   0.63134] Chose bitmap format 9
dtor     D               dtor.c:196  _al_register_destructor          [   0.63148] added dtor for bitmap 0000000002782320, func 00007ffa0bc21bea
stdio    D         file_stdio.c:110  file_stdio_fopen                 [   0.63178] opening ./Tower/Canon_Menu.png rb
stdio    D         file_stdio.c:110  file_stdio_fopen                 [   0.63206] opening ./Tower/Canon_Menu.png rb
d3d      D         d3d_disp.cpp:1202 real_choose_bitmap_format        [   0.63247] Fake format
d3d      D         d3d_disp.cpp:1202 real_choose_bitmap_format        [   0.63250] Fake format
d3d      D         d3d_disp.cpp:1202 real_choose_bitmap_format        [   0.63251] Fake format
d3d      D         d3d_disp.cpp:1202 real_choose_bitmap_format        [   0.63252] Fake format
d3d      D         d3d_disp.cpp:1202 real_choose_bitmap_format        [   0.63253] Fake format
d3d      D         d3d_disp.cpp:1202 real_choose_bitmap_format        [   0.63254] Fake format
d3d      D         d3d_disp.cpp:1202 real_choose_bitmap_format        [   0.63255] Fake format
d3d      D         d3d_disp.cpp:1202 real_choose_bitmap_format        [   0.63256] Fake format
d3d      D         d3d_disp.cpp:1202 real_choose_bitmap_format        [   0.63257] Fake format
d3d      D         d3d_disp.cpp:1210 real_choose_bitmap_format        [   0.63258] Alpha doesn't match
d3d      D         d3d_disp.cpp:1217 real_choose_bitmap_format        [   0.63259] Adapter format is 23
d3d      D         d3d_disp.cpp:1220 real_choose_bitmap_format        [   0.63260] Found a format
d3d      I         d3d_disp.cpp:2391 d3d_create_bitmap                [   0.63261] Chose bitmap format 9
dtor     D               dtor.c:196  _al_register_destructor          [   0.63269] added dtor for bitmap 00000000027824d0, func 00007ffa0bc21bea
stdio    D         file_stdio.c:110  file_stdio_fopen                 [   0.63305] opening ./Tower/Poison_Menu.png rb
stdio    D         file_stdio.c:110  file_stdio_fopen                 [   0.63340] opening ./Tower/Poison_Menu.png rb
d3d      D         d3d_disp.cpp:1202 real_choose_bitmap_format        [   0.63363] Fake format
d3d      D         d3d_disp.cpp:1202 real_choose_bitmap_format        [   0.63364] Fake format
d3d      D         d3d_disp.cpp:1202 real_choose_bitmap_format        [   0.63366] Fake format
d3d      D         d3d_disp.cpp:1202 real_choose_bitmap_format        [   0.63366] Fake format
d3d      D         d3d_disp.cpp:1202 real_choose_bitmap_format        [   0.63367] Fake format
d3d      D         d3d_disp.cpp:1202 real_choose_bitmap_format        [   0.63368] Fake format
d3d      D         d3d_disp.cpp:1202 real_choose_bitmap_format        [   0.63369] Fake format
d3d      D         d3d_disp.cpp:1202 real_choose_bitmap_format        [   0.63370] Fake format
d3d      D         d3d_disp.cpp:1202 real_choose_bitmap_format        [   0.63371] Fake format
d3d      D         d3d_disp.cpp:1210 real_choose_bitmap_format        [   0.63372] Alpha doesn't match
d3d      D         d3d_disp.cpp:1217 real_choose_bitmap_format        [   0.63373] Adapter format is 23
d3d      D         d3d_disp.cpp:1220 real_choose_bitmap_format        [   0.63374] Found a format
d3d      I         d3d_disp.cpp:2391 d3d_create_bitmap                [   0.63375] Chose bitmap format 9
dtor     D               dtor.c:196  _al_register_destructor          [   0.63383] added dtor for bitmap 0000000002782680, func 00007ffa0bc21bea
stdio    D         file_stdio.c:110  file_stdio_fopen                 [   0.63415] opening ./Tower/Storm_Menu.png rb
stdio    D         file_stdio.c:110  file_stdio_fopen                 [   0.63445] opening ./Tower/Storm_Menu.png rb
d3d      D         d3d_disp.cpp:1202 real_choose_bitmap_format        [   0.63468] Fake format
d3d      D         d3d_disp.cpp:1202 real_choose_bitmap_format        [   0.63470] Fake format
d3d      D         d3d_disp.cpp:1202 real_choose_bitmap_format        [   0.63471] Fake format
d3d      D         d3d_disp.cpp:1202 real_choose_bitmap_format        [   0.63472] Fake format
d3d      D         d3d_disp.cpp:1202 real_choose_bitmap_format        [   0.63473] Fake format
d3d      D         d3d_disp.cpp:1202 real_choose_bitmap_format        [   0.63474] Fake format
d3d      D         d3d_disp.cpp:1202 real_choose_bitmap_format        [   0.63477] Fake format
d3d      D         d3d_disp.cpp:1202 real_choose_bitmap_format        [   0.63478] Fake format
d3d      D         d3d_disp.cpp:1202 real_choose_bitmap_format        [   0.63480] Fake format
d3d      D         d3d_disp.cpp:1210 real_choose_bitmap_format        [   0.63481] Alpha doesn't match
d3d      D         d3d_disp.cpp:1217 real_choose_bitmap_format        [   0.63482] Adapter format is 23
d3d      D         d3d_disp.cpp:1220 real_choose_bitmap_format        [   0.63484] Found a format
d3d      I         d3d_disp.cpp:2391 d3d_create_bitmap                [   0.63485] Chose bitmap format 9
dtor     D               dtor.c:196  _al_register_destructor          [   0.63493] added dtor for bitmap 00000000027fc2e0, func 00007ffa0bc21bea
stdio    D         file_stdio.c:110  file_stdio_fopen                 [   0.63528] opening ./Tower/love.png rb
stdio    D         file_stdio.c:110  file_stdio_fopen                 [   0.63554] opening ./Tower/love.png rb
d3d      D         d3d_disp.cpp:1202 real_choose_bitmap_format        [   0.63575] Fake format
d3d      D         d3d_disp.cpp:1202 real_choose_bitmap_format        [   0.63576] Fake format
d3d      D         d3d_disp.cpp:1202 real_choose_bitmap_format        [   0.63578] Fake format
d3d      D         d3d_disp.cpp:1202 real_choose_bitmap_format        [   0.63579] Fake format
d3d      D         d3d_disp.cpp:1202 real_choose_bitmap_format        [   0.63580] Fake format
d3d      D         d3d_disp.cpp:1202 real_choose_bitmap_format        [   0.63581] Fake format
d3d      D         d3d_disp.cpp:1202 real_choose_bitmap_format        [   0.63582] Fake format
d3d      D         d3d_disp.cpp:1202 real_choose_bitmap_format        [   0.63583] Fake format
d3d      D         d3d_disp.cpp:1202 real_choose_bitmap_format        [   0.63584] Fake format
d3d      D         d3d_disp.cpp:1210 real_choose_bitmap_format        [   0.63585] Alpha doesn't match
d3d      D         d3d_disp.cpp:1217 real_choose_bitmap_format        [   0.63586] Adapter format is 23
d3d      D         d3d_disp.cpp:1220 real_choose_bitmap_format        [   0.63588] Found a format
d3d      I         d3d_disp.cpp:2391 d3d_create_bitmap                [   0.63589] Chose bitmap format 9
dtor     D               dtor.c:196  _al_register_destructor          [   0.63602] added dtor for bitmap 000000000281ce90, func 00007ffa0bc21bea
stdio    D         file_stdio.c:110  file_stdio_fopen                 [   0.63612] opening pirulen.ttf rb
font     D                ttf.c:943  al_load_ttf_font_stretch_f       [   0.63653] Font pirulen.ttf loaded with pixel size 0 x 12.
font     D                ttf.c:945  al_load_ttf_font_stretch_f       [   0.63655]     ascent=12.0, descent=-3.0, height=14.0
dtor     D               dtor.c:196  _al_register_destructor          [   0.63656] added dtor for ttf_font 0000000002782ee0, func 00007ffa0bd44c05
d3d      D          d3d_bmp.cpp:539  _al_d3d_sync_bitmap              [   0.63957] _al_d3d_sync_bitmap (system) ref count == 1
d3d      D          d3d_bmp.cpp:545  _al_d3d_sync_bitmap              [   0.63968] _al_d3d_sync_bitmap (video) ref count == 1
d3d      D          d3d_bmp.cpp:539  _al_d3d_sync_bitmap              [   0.64111] _al_d3d_sync_bitmap (system) ref count == 1
d3d      D          d3d_bmp.cpp:545  _al_d3d_sync_bitmap              [   0.64115] _al_d3d_sync_bitmap (video) ref count == 1
d3d      D          d3d_bmp.cpp:539  _al_d3d_sync_bitmap              [   0.65105] _al_d3d_sync_bitmap (system) ref count == 1
d3d      D          d3d_bmp.cpp:545  _al_d3d_sync_bitmap              [   0.65110] _al_d3d_sync_bitmap (video) ref count == 1
d3d      D          d3d_bmp.cpp:539  _al_d3d_sync_bitmap              [   0.65452] _al_d3d_sync_bitmap (system) ref count == 1
d3d      D          d3d_bmp.cpp:545  _al_d3d_sync_bitmap              [   0.65461] _al_d3d_sync_bitmap (video) ref count == 1
d3d      D          d3d_bmp.cpp:539  _al_d3d_sync_bitmap              [   0.65771] _al_d3d_sync_bitmap (system) ref count == 1
d3d      D          d3d_bmp.cpp:545  _al_d3d_sync_bitmap              [   0.65777] _al_d3d_sync_bitmap (video) ref count == 1
d3d      D          d3d_bmp.cpp:539  _al_d3d_sync_bitmap              [   0.65819] _al_d3d_sync_bitmap (system) ref count == 1
d3d      D          d3d_bmp.cpp:545  _al_d3d_sync_bitmap              [   0.65822] _al_d3d_sync_bitmap (video) ref count == 1
d3d      D          d3d_bmp.cpp:539  _al_d3d_sync_bitmap              [   0.65855] _al_d3d_sync_bitmap (system) ref count == 1
d3d      D          d3d_bmp.cpp:545  _al_d3d_sync_bitmap              [   0.65858] _al_d3d_sync_bitmap (video) ref count == 1
d3d      D          d3d_bmp.cpp:539  _al_d3d_sync_bitmap              [   0.65890] _al_d3d_sync_bitmap (system) ref count == 1
d3d      D          d3d_bmp.cpp:545  _al_d3d_sync_bitmap              [   0.65894] _al_d3d_sync_bitmap (video) ref count == 1
d3d      D          d3d_bmp.cpp:539  _al_d3d_sync_bitmap              [   0.65927] _al_d3d_sync_bitmap (system) ref count == 1
d3d      D          d3d_bmp.cpp:545  _al_d3d_sync_bitmap              [   0.65929] _al_d3d_sync_bitmap (video) ref count == 1
d3d      D          d3d_bmp.cpp:539  _al_d3d_sync_bitmap              [   0.65960] _al_d3d_sync_bitmap (system) ref count == 1
d3d      D          d3d_bmp.cpp:545  _al_d3d_sync_bitmap              [   0.65962] _al_d3d_sync_bitmap (video) ref count == 1
d3d      D          d3d_bmp.cpp:539  _al_d3d_sync_bitmap              [   0.65993] _al_d3d_sync_bitmap (system) ref count == 1
d3d      D          d3d_bmp.cpp:545  _al_d3d_sync_bitmap              [   0.65995] _al_d3d_sync_bitmap (video) ref count == 1
d3d      D          d3d_bmp.cpp:539  _al_d3d_sync_bitmap              [   0.66026] _al_d3d_sync_bitmap (system) ref count == 1
d3d      D          d3d_bmp.cpp:545  _al_d3d_sync_bitmap              [   0.66028] _al_d3d_sync_bitmap (video) ref count == 1
d3d      D          d3d_bmp.cpp:539  _al_d3d_sync_bitmap              [   0.66057] _al_d3d_sync_bitmap (system) ref count == 1
d3d      D          d3d_bmp.cpp:545  _al_d3d_sync_bitmap              [   0.66059] _al_d3d_sync_bitmap (video) ref count == 1
d3d      D          d3d_bmp.cpp:539  _al_d3d_sync_bitmap              [   0.66092] _al_d3d_sync_bitmap (system) ref count == 1
d3d      D          d3d_bmp.cpp:545  _al_d3d_sync_bitmap              [   0.66093] _al_d3d_sync_bitmap (video) ref count == 1
d3d      D          d3d_bmp.cpp:539  _al_d3d_sync_bitmap              [   0.66124] _al_d3d_sync_bitmap (system) ref count == 1
d3d      D          d3d_bmp.cpp:545  _al_d3d_sync_bitmap              [   0.66126] _al_d3d_sync_bitmap (video) ref count == 1
dtor     D               dtor.c:116  _al_run_destructors              [   7.84066] calling dtor for ttf_font 0000000002782ee0, func 00007ffa0bd44c05
dtor     D               dtor.c:227  _al_unregister_destructor        [   7.84072] removed dtor for ttf_font 0000000002782ee0
dtor     D               dtor.c:116  _al_run_destructors              [   7.84076] calling dtor for bitmap 000000000281ce90, func 00007ffa0bc21bea
dtor     D               dtor.c:227  _al_unregister_destructor        [   7.84079] removed dtor for bitmap 000000000281ce90
